Started at Wed Mar 02 09:56:33 UTC 2022
Processing c-project
Offering c-project to Project Build Discarder
Processing cproject
Offering cproject to Project Build Discarder
Processing helloworld
Offering helloworld to Project Build Discarder
Processing project1
Offering project1 to Project Build Discarder
Processing maven-web/master
Offering maven-web/master to Project Build Discarder
Finished at Wed Mar 02 09:56:33 UTC 2022. 6ms
Started at Wed Mar 02 10:56:33 UTC 2022
Processing c-project
Offering c-project to Project Build Discarder
Processing cproject
Offering cproject to Project Build Discarder
Processing helloworld
Offering helloworld to Project Build Discarder
Processing project1
Offering project1 to Project Build Discarder
Processing maven-web/master
Offering maven-web/master to Project Build Discarder
Finished at Wed Mar 02 10:56:33 UTC 2022. 1ms
Started at Wed Mar 02 11:56:33 UTC 2022
Processing c-project
Offering c-project to Project Build Discarder
Processing cproject
Offering cproject to Project Build Discarder
Processing helloworld
Offering helloworld to Project Build Discarder
Processing project1
Offering project1 to Project Build Discarder
Processing maven-web/master
Offering maven-web/master to Project Build Discarder
Finished at Wed Mar 02 11:56:33 UTC 2022. 1ms
Started at Wed Mar 02 12:56:33 UTC 2022
Processing c-project
Offering c-project to Project Build Discarder
Processing cproject
Offering cproject to Project Build Discarder
Processing helloworld
Offering helloworld to Project Build Discarder
Processing project1
Offering project1 to Project Build Discarder
Processing maven-web/master
Offering maven-web/master to Project Build Discarder
Finished at Wed Mar 02 12:56:33 UTC 2022. 1ms
Started at Wed Mar 02 13:56:33 UTC 2022
Processing c-project
Offering c-project to Project Build Discarder
Processing cproject
Offering cproject to Project Build Discarder
Processing helloworld
Offering helloworld to Project Build Discarder
Processing project1
Offering project1 to Project Build Discarder
Processing maven-web/master
Offering maven-web/master to Project Build Discarder
Finished at Wed Mar 02 13:56:33 UTC 2022. 1ms
Started at Wed Mar 02 14:56:33 UTC 2022
Processing c-project
Offering c-project to Project Build Discarder
Processing cproject
Offering cproject to Project Build Discarder
Processing helloworld
Offering helloworld to Project Build Discarder
Processing project1
Offering project1 to Project Build Discarder
Processing maven-web/master
Offering maven-web/master to Project Build Discarder
Finished at Wed Mar 02 14:56:33 UTC 2022. 1ms
Started at Wed Mar 02 15:56:33 UTC 2022
Processing c-project
Offering c-project to Project Build Discarder
Processing cproject
Offering cproject to Project Build Discarder
Processing helloworld
Offering helloworld to Project Build Discarder
Processing project1
Offering project1 to Project Build Discarder
Processing maven-web/master
Offering maven-web/master to Project Build Discarder
Finished at Wed Mar 02 15:56:33 UTC 2022. 1ms
Started at Wed Mar 02 16:56:33 UTC 2022
Processing c-project
Offering c-project to Project Build Discarder
Processing cproject
Offering cproject to Project Build Discarder
Processing helloworld
Offering helloworld to Project Build Discarder
Processing project1
Offering project1 to Project Build Discarder
Processing maven-web/master
Offering maven-web/master to Project Build Discarder
Finished at Wed Mar 02 16:56:33 UTC 2022. 1ms
